<?xml version="1.0" encoding="UTF-8"?>
<!-- Generated by org.testng.reporters.JUnitXMLReporter -->
<testsuite ignored="0" hostname="DESKTOP-HE77EJK" failures="0" tests="3" name="Submit Order Test" time="27.273" errors="0" timestamp="2024-05-10T20:39:26 PDT">
  <testcase classname="esaucompany.tests.SubmitOrderTest" name="submitOrder" time="4.114"/>
  <testcase classname="esaucompany.tests.SubmitOrderTest" name="submitOrder" time="3.984"/>
  <testcase classname="esaucompany.tests.SubmitOrderTest" name="orderHistoryTest" time="1.002"/>
</testsuite> <!-- Submit Order Test -->
