<?xml version="1.0" encoding="UTF-8"?>
<!-- Generated by org.testng.reporters.JUnitXMLReporter -->
<testsuite ignored="0" hostname="DESKTOP-HE77EJK" failures="0" tests="2" name="Error Validations Test" time="13.412" errors="0" timestamp="2024-05-12T16:56:05 PDT">
  <testcase classname="esaucompany.tests.ErrorValidationsTest" name="loginErrorValidation" time="0.625"/>
  <testcase classname="esaucompany.tests.ErrorValidationsTest" name="productErrorValidation" time="2.875"/>
</testsuite> <!-- Error Validations Test -->
