<?xml version="1.0" encoding="UTF-8"?>
<!-- Generated by org.testng.reporters.JUnitXMLReporter -->
<testsuite ignored="0" hostname="DESKTOP-HE77EJK" failures="0" tests="3" name="Submit Order Test" time="25.442" errors="0" timestamp="2024-05-12T16:56:17 PDT">
  <testcase classname="esaucompany.tests.SubmitOrderTest" name="submitOrder" time="3.876"/>
  <testcase classname="esaucompany.tests.SubmitOrderTest" name="submitOrder" time="3.996"/>
  <testcase classname="esaucompany.tests.SubmitOrderTest" name="orderHistoryTest" time="0.986"/>
</testsuite> <!-- Submit Order Test -->
